t=2023-09-13T15:02:00-0700 lvl=info msg=Configured api=signer "audit log"=audit.log
t=2023-09-13T16:30:57-0700 lvl=info msg=Version    api=signer type=request metadata="{\"remote\":\"NA\",\"local\":\"NA\",\"scheme\":\"ipc\",\"User-Agent\":\"\",\"Origin\":\"\"}"
t=2023-09-13T16:30:57-0700 lvl=info msg=Version    api=signer type=response data=6.1.0 error=nil
t=2023-09-13T16:31:18-0700 lvl=info msg=Version    api=signer type=request  metadata="{\"remote\":\"NA\",\"local\":\"NA\",\"scheme\":\"ipc\",\"User-Agent\":\"\",\"Origin\":\"\"}"
t=2023-09-13T16:31:18-0700 lvl=info msg=Version    api=signer type=response data=6.1.0 error=nil
t=2023-09-13T16:31:48-0700 lvl=info msg=List       api=signer type=request  metadata="{\"remote\":\"NA\",\"local\":\"NA\",\"scheme\":\"ipc\",\"User-Agent\":\"\",\"Origin\":\"\"}"
t=2023-09-13T16:31:51-0700 lvl=info msg=List       api=signer type=response data="[0xd4a757C5440e19be3A09cb7795F308aE87dA6E01 0x254a3E5002F61943E8633Bcc5058b86573392bd2]"
t=2023-09-13T16:31:59-0700 lvl=info msg=List       api=signer type=request  metadata="{\"remote\":\"NA\",\"local\":\"NA\",\"scheme\":\"ipc\",\"User-Agent\":\"\",\"Origin\":\"\"}"
t=2023-09-13T16:32:02-0700 lvl=info msg=List       api=signer type=response data="[0xd4a757C5440e19be3A09cb7795F308aE87dA6E01 0x254a3E5002F61943E8633Bcc5058b86573392bd2]"
t=2023-09-13T16:33:27-0700 lvl=info msg=List       api=signer type=request  metadata="{\"remote\":\"NA\",\"local\":\"NA\",\"scheme\":\"ipc\",\"User-Agent\":\"\",\"Origin\":\"\"}"
t=2023-09-13T16:33:29-0700 lvl=info msg=List       api=signer type=response data="[0xd4a757C5440e19be3A09cb7795F308aE87dA6E01 0x254a3E5002F61943E8633Bcc5058b86573392bd2]"
t=2023-09-13T16:33:43-0700 lvl=info msg=List       api=signer type=request  metadata="{\"remote\":\"NA\",\"local\":\"NA\",\"scheme\":\"ipc\",\"User-Agent\":\"\",\"Origin\":\"\"}"
t=2023-09-13T16:33:46-0700 lvl=info msg=List       api=signer type=response data="[0xd4a757C5440e19be3A09cb7795F308aE87dA6E01 0x254a3E5002F61943E8633Bcc5058b86573392bd2]"
t=2023-09-13T16:34:26-0700 lvl=info msg=SignTransaction api=signer type=request  metadata="{\"remote\":\"NA\",\"local\":\"NA\",\"scheme\":\"ipc\",\"User-Agent\":\"\",\"Origin\":\"\"}" tx="{\"from\":{},\"to\":\"0x254a3E5002F61943E8633Bcc5058b86573392bd2\",\"gas\":\"0x5208\",\"gasPrice\":\"0x3b9aca00\",\"maxFeePerGas\":null,\"maxPriorityFeePerGas\":null,\"value\":\"0xde0b6b3a7640000\",\"nonce\":\"0x0\",\"data\":\"0x\",\"chainId\":\"0x6019\"}" methodSelector=<nil>
t=2023-09-13T16:34:34-0700 lvl=info msg=SignTransaction api=signer type=response data=f86d80843b9aca0082520894254a3e5002f61943e8633bcc5058b86573392bd2880de0b6b3a76400008082c056a0efed63188fe1aca3ed97419928f5e2500f907b9fffcd4b001c82c2688e39b130a0226c5d5ac08aaff8f2d3c685af19d8995c601ee3e676968c2ea3ca1ca84cd6e9 error=nil
t=2023-09-13T16:34:53-0700 lvl=info msg=List            api=signer type=request  metadata="{\"remote\":\"NA\",\"local\":\"NA\",\"scheme\":\"ipc\",\"User-Agent\":\"\",\"Origin\":\"\"}"
t=2023-09-13T16:34:57-0700 lvl=info msg=List            api=signer type=response data="[0xd4a757C5440e19be3A09cb7795F308aE87dA6E01 0x254a3E5002F61943E8633Bcc5058b86573392bd2]"
t=2023-09-13T16:35:03-0700 lvl=info msg=List            api=signer type=request  metadata="{\"remote\":\"NA\",\"local\":\"NA\",\"scheme\":\"ipc\",\"User-Agent\":\"\",\"Origin\":\"\"}"
t=2023-09-13T16:35:05-0700 lvl=info msg=List            api=signer type=response data="[0xd4a757C5440e19be3A09cb7795F308aE87dA6E01 0x254a3E5002F61943E8633Bcc5058b86573392bd2]"
t=2023-09-13T16:37:16-0700 lvl=info msg=List            api=signer type=request  metadata="{\"remote\":\"NA\",\"local\":\"NA\",\"scheme\":\"ipc\",\"User-Agent\":\"\",\"Origin\":\"\"}"
t=2023-09-13T16:37:19-0700 lvl=info msg=List            api=signer type=response data="[0xd4a757C5440e19be3A09cb7795F308aE87dA6E01 0x254a3E5002F61943E8633Bcc5058b86573392bd2]"
t=2023-09-13T16:39:37-0700 lvl=info msg=List            api=signer type=request  metadata="{\"remote\":\"NA\",\"local\":\"NA\",\"scheme\":\"ipc\",\"User-Agent\":\"\",\"Origin\":\"\"}"
t=2023-09-13T16:39:41-0700 lvl=info msg=List            api=signer type=response data="[0xd4a757C5440e19be3A09cb7795F308aE87dA6E01 0x254a3E5002F61943E8633Bcc5058b86573392bd2]"
